<?xml version="1.0" encoding="UTF-8" ?>
<testsuite tests="3" failures="0" name="com.oracle.preparation.algorithm.AlgorithmImplementationTest" time="0.001" errors="0" skipped="0">
  <properties>
    <property name="java.runtime.name" value="Java(TM) SE Runtime Environment"/>
    <property name="java.vm.version" value="17.0.5+9-LTS-191"/>
    <property name="sun.boot.library.path" value="/Library/Java/JavaVirtualMachines/jdk-17.0.5.jdk/Contents/Home/lib"/>
    <property name="maven.multiModuleProjectDirectory" value="/Users/lucadani/NetBeansProjects/SimpleConversions"/>
    <property name="java.vm.vendor" value="Oracle Corporation"/>
    <property name="java.vendor.url" value="https://java.oracle.com/"/>
    <property name="guice.disable.misplaced.annotation.check" value="true"/>
    <property name="path.separator" value=":"/>
    <property name="java.vm.name" value="Java HotSpot(TM) 64-Bit Server VM"/>
    <property name="user.country" value="RO"/>
    <property name="sun.java.launcher" value="SUN_STANDARD"/>
    <property name="test" value="com.oracle.preparation.algorithm.AlgorithmImplementationTest"/>
    <property name="java.vm.specification.name" value="Java Virtual Machine Specification"/>
    <property name="user.dir" value="/Users/lucadani/NetBeansProjects/SimpleConversions"/>
    <property name="java.vm.compressedOopsMode" value="Zero based"/>
    <property name="java.runtime.version" value="17.0.5+9-LTS-191"/>
    <property name="os.arch" value="aarch64"/>
    <property name="java.io.tmpdir" value="/var/folders/7j/rd3smmvn71d1j04h2rkmjc940000gn/T/"/>
    <property name="line.separator" value="
"/>
    <property name="java.vm.specification.vendor" value="Oracle Corporation"/>
    <property name="os.name" value="Mac OS X"/>
    <property name="maven.ext.class.path" value="/Applications/NetBeans/Apache NetBeans 17.app/Contents/Resources/NetBeans/netbeans/java/maven-nblib/netbeans-eventspy.jar"/>
    <property name="classworlds.conf" value="/Applications/NetBeans/Apache NetBeans 17.app/Contents/Resources/NetBeans/netbeans/java/maven/bin/m2.conf"/>
    <property name="sun.jnu.encoding" value="UTF-8"/>
    <property name="java.library.path" value="/Users/lucadani/Library/Java/Extensions:/Library/Java/Extensions:/Network/Library/Java/Extensions:/System/Library/Java/Extensions:/usr/lib/java:."/>
    <property name="maven.conf" value="/Applications/NetBeans/Apache NetBeans 17.app/Contents/Resources/NetBeans/netbeans/java/maven/conf"/>
    <property name="jdk.debug" value="release"/>
    <property name="java.class.version" value="61.0"/>
    <property name="java.specification.name" value="Java Platform API Specification"/>
    <property name="sun.management.compiler" value="HotSpot 64-Bit Tiered Compilers"/>
    <property name="jpda.listen" value="true"/>
    <property name="os.version" value="13.2.1"/>
    <property name="library.jansi.path" value="/Applications/NetBeans/Apache NetBeans 17.app/Contents/Resources/NetBeans/netbeans/java/maven/lib/jansi-native"/>
    <property name="jpda.address" value="59498"/>
    <property name="http.nonProxyHosts" value="local|*.local|169.254/16|*.169.254/16"/>
    <property name="user.home" value="/Users/lucadani"/>
    <property name="user.timezone" value="Europe/Bucharest"/>
    <property name="file.encoding" value="UTF-8"/>
    <property name="java.specification.version" value="17"/>
    <property name="user.name" value="lucadani"/>
    <property name="java.class.path" value="/Applications/NetBeans/Apache NetBeans 17.app/Contents/Resources/NetBeans/netbeans/java/maven/boot/plexus-classworlds-2.6.0.jar"/>
    <property name="maven.surefire.debug" value="-agentlib:jdwp=transport=dt_socket,server=n,address=59498"/>
    <property name="java.vm.specification.version" value="17"/>
    <property name="sun.arch.data.model" value="64"/>
    <property name="sun.java.command" value="org.codehaus.plexus.classworlds.launcher.Launcher -Dtest=com.oracle.preparation.algorithm.AlgorithmImplementationTest -DforkMode=once -Dmaven.surefire.debug=-agentlib:jdwp=transport=dt_socket,server=n,address=59498 -Djpda.listen=true -Djpda.address=59498 -Dmaven.ext.class.path=/Applications/NetBeans/Apache NetBeans 17.app/Contents/Resources/NetBeans/netbeans/java/maven-nblib/netbeans-eventspy.jar --no-transfer-progress surefire:test"/>
    <property name="java.home" value="/Library/Java/JavaVirtualMachines/jdk-17.0.5.jdk/Contents/Home"/>
    <property name="user.language" value="en"/>
    <property name="java.specification.vendor" value="Oracle Corporation"/>
    <property name="java.vm.info" value="mixed mode, sharing"/>
    <property name="java.version" value="17.0.5"/>
    <property name="native.encoding" value="UTF-8"/>
    <property name="java.vendor" value="Oracle Corporation"/>
    <property name="maven.home" value="/Applications/NetBeans/Apache NetBeans 17.app/Contents/Resources/NetBeans/netbeans/java/maven"/>
    <property name="file.separator" value="/"/>
    <property name="java.version.date" value="2022-10-18"/>
    <property name="java.vendor.url.bug" value="https://bugreport.java.com/bugreport/"/>
    <property name="forkMode" value="once"/>
    <property name="sun.io.unicode.encoding" value="UnicodeBig"/>
    <property name="sun.cpu.endian" value="little"/>
    <property name="socksNonProxyHosts" value="local|*.local|169.254/16|*.169.254/16"/>
    <property name="ftp.nonProxyHosts" value="local|*.local|169.254/16|*.169.254/16"/>
  </properties>
  <testcase classname="com.oracle.preparation.algorithm.AlgorithmImplementationTest" name="com.oracle.preparation.algorithm.AlgorithmImplementationTest.testWhenConvertingBase10ToBase16" time="0.001"/>
  <testcase classname="com.oracle.preparation.algorithm.AlgorithmImplementationTest" name="com.oracle.preparation.algorithm.AlgorithmImplementationTest.testWhenConvertingBase16ToDecimal" time="0"/>
  <testcase classname="com.oracle.preparation.algorithm.AlgorithmImplementationTest" name="com.oracle.preparation.algorithm.AlgorithmImplementationTest.testWhenConvertingBase12ToBase7" time="0"/>
</testsuite>